#! /c/Source/iverilog-install/bin/vvp
:ivl_version "12.0 (devel)" "(s20150603-1110-g18392a46)";
:ivl_delay_selection "TYPICAL";
:vpi_time_precision + 0;
:vpi_module "C:\iverilog\lib\ivl\system.vpi";
:vpi_module "C:\iverilog\lib\ivl\vhdl_sys.vpi";
:vpi_module "C:\iverilog\lib\ivl\vhdl_textio.vpi";
:vpi_module "C:\iverilog\lib\ivl\v2005_math.vpi";
:vpi_module "C:\iverilog\lib\ivl\va_math.vpi";
S_00000193ae9a6880 .scope module, "i_mem" "i_mem" 2 1;
 .timescale 0 0;
    .port_info 0 /INPUT 1 "CLK";
    .port_info 1 /INPUT 1 "RESET";
    .port_info 2 /INPUT 1 "READ_EN";
    .port_info 3 /INPUT 28 "READ_ADDR";
    .port_info 4 /OUTPUT 1 "BUSYWAIT";
    .port_info 5 /OUTPUT 128 "READ_DATA";
v00000193ae9abeb0_0 .var "BUSYWAIT", 0 0;
o00000193ae8b4fc8 .functor BUFZ 1, C4<z>; HiZ drive
v00000193ae9a6a10_0 .net "CLK", 0 0, o00000193ae8b4fc8;  0 drivers
v00000193ae9a6ab0_0 .var "COUNTER", 3 0;
v00000193ae9a6b50 .array "MEM_ARRAY", 1023 0, 7 0;
v00000193ae9a6bf0_0 .var "READ_ACCESS", 0 0;
o00000193ae8b5058 .functor BUFZ 28, C4<zzzzzzzzzzzzzzzzzzzzzzzzzzzz>; HiZ drive
v00000193ae9a6c90_0 .net "READ_ADDR", 27 0, o00000193ae8b5058;  0 drivers
v00000193ae8f9c00_0 .var "READ_DATA", 127 0;
o00000193ae8b50b8 .functor BUFZ 1, C4<z>; HiZ drive
v00000193ae8f9ca0_0 .net "READ_EN", 0 0, o00000193ae8b50b8;  0 drivers
o00000193ae8b50e8 .functor BUFZ 1, C4<z>; HiZ drive
v00000193ae8f9d40_0 .net "RESET", 0 0, o00000193ae8b50e8;  0 drivers
E_00000193ae9ab090 .event posedge, v00000193ae8f9d40_0, v00000193ae9a6a10_0;
E_00000193ae9ab0d0 .event anyedge, v00000193ae8f9ca0_0, v00000193ae9a6ab0_0;
    .scope S_00000193ae9a6880;
T_0 ;
    %vpi_call 2 25 "$readmemh", "../../code/test/instructions/memfile.mem", v00000193ae9a6b50 {0 0 0};
    %end;
    .thread T_0;
    .scope S_00000193ae9a6880;
T_1 ;
    %wait E_00000193ae9ab0d0;
    %load/vec4 v00000193ae8f9ca0_0;
    %load/vec4 v00000193ae9a6ab0_0;
    %pushi/vec4 15, 0, 4;
    %cmp/ne;
    %flag_get/vec4 4;
    %and;
    %flag_set/vec4 8;
    %jmp/0 T_1.0, 8;
    %pushi/vec4 1, 0, 2;
    %jmp/1 T_1.1, 8;
T_1.0 ; End of true expr.
    %pushi/vec4 0, 0, 2;
    %jmp/0 T_1.1, 8;
 ; End of false expr.
    %blend;
T_1.1;
    %pad/s 1;
    %assign/vec4 v00000193ae9abeb0_0, 0;
    %load/vec4 v00000193ae8f9ca0_0;
    %flag_set/vec4 8;
    %jmp/0 T_1.2, 8;
    %pushi/vec4 1, 0, 1;
    %jmp/1 T_1.3, 8;
T_1.2 ; End of true expr.
    %pushi/vec4 0, 0, 1;
    %jmp/0 T_1.3, 8;
 ; End of false expr.
    %blend;
T_1.3;
    %assign/vec4 v00000193ae9a6bf0_0, 0;
    %jmp T_1;
    .thread T_1, $push;
    .scope S_00000193ae9a6880;
T_2 ;
    %wait E_00000193ae9ab090;
    %load/vec4 v00000193ae9a6ab0_0;
    %dup/vec4;
    %pushi/vec4 0, 0, 4;
    %cmp/u;
    %jmp/1 T_2.0, 6;
    %dup/vec4;
    %pushi/vec4 1, 0, 4;
    %cmp/u;
    %jmp/1 T_2.1, 6;
    %dup/vec4;
    %pushi/vec4 2, 0, 4;
    %cmp/u;
    %jmp/1 T_2.2, 6;
    %dup/vec4;
    %pushi/vec4 3, 0, 4;
    %cmp/u;
    %jmp/1 T_2.3, 6;
    %dup/vec4;
    %pushi/vec4 4, 0, 4;
    %cmp/u;
    %jmp/1 T_2.4, 6;
    %dup/vec4;
    %pushi/vec4 5, 0, 4;
    %cmp/u;
    %jmp/1 T_2.5, 6;
    %dup/vec4;
    %pushi/vec4 6, 0, 4;
    %cmp/u;
    %jmp/1 T_2.6, 6;
    %dup/vec4;
    %pushi/vec4 7, 0, 4;
    %cmp/u;
    %jmp/1 T_2.7, 6;
    %dup/vec4;
    %pushi/vec4 8, 0, 4;
    %cmp/u;
    %jmp/1 T_2.8, 6;
    %dup/vec4;
    %pushi/vec4 9, 0, 4;
    %cmp/u;
    %jmp/1 T_2.9, 6;
    %dup/vec4;
    %pushi/vec4 10, 0, 4;
    %cmp/u;
    %jmp/1 T_2.10, 6;
    %dup/vec4;
    %pushi/vec4 11, 0, 4;
    %cmp/u;
    %jmp/1 T_2.11, 6;
    %dup/vec4;
    %pushi/vec4 12, 0, 4;
    %cmp/u;
    %jmp/1 T_2.12, 6;
    %dup/vec4;
    %pushi/vec4 13, 0, 4;
    %cmp/u;
    %jmp/1 T_2.13, 6;
    %dup/vec4;
    %pushi/vec4 14, 0, 4;
    %cmp/u;
    %jmp/1 T_2.14, 6;
    %dup/vec4;
    %pushi/vec4 15, 0, 4;
    %cmp/u;
    %jmp/1 T_2.15, 6;
    %jmp T_2.16;
T_2.0 ;
    %load/vec4 v00000193ae9a6c90_0;
    %load/vec4 v00000193ae9a6ab0_0;
    %concat/vec4; draw_concat_vec4
    %ix/vec4 4;
    %load/vec4a v00000193ae9a6b50, 4;
    %ix/load 4, 0, 0;
    %flag_set/imm 4, 0;
    %store/vec4 v00000193ae8f9c00_0, 4, 8;
    %jmp T_2.16;
T_2.1 ;
    %load/vec4 v00000193ae9a6c90_0;
    %load/vec4 v00000193ae9a6ab0_0;
    %concat/vec4; draw_concat_vec4
    %ix/vec4 4;
    %load/vec4a v00000193ae9a6b50, 4;
    %ix/load 4, 8, 0;
    %flag_set/imm 4, 0;
    %store/vec4 v00000193ae8f9c00_0, 4, 8;
    %jmp T_2.16;
T_2.2 ;
    %load/vec4 v00000193ae9a6c90_0;
    %load/vec4 v00000193ae9a6ab0_0;
    %concat/vec4; draw_concat_vec4
    %ix/vec4 4;
    %load/vec4a v00000193ae9a6b50, 4;
    %ix/load 4, 16, 0;
    %flag_set/imm 4, 0;
    %store/vec4 v00000193ae8f9c00_0, 4, 8;
    %jmp T_2.16;
T_2.3 ;
    %load/vec4 v00000193ae9a6c90_0;
    %load/vec4 v00000193ae9a6ab0_0;
    %concat/vec4; draw_concat_vec4
    %ix/vec4 4;
    %load/vec4a v00000193ae9a6b50, 4;
    %ix/load 4, 24, 0;
    %flag_set/imm 4, 0;
    %store/vec4 v00000193ae8f9c00_0, 4, 8;
    %jmp T_2.16;
T_2.4 ;
    %load/vec4 v00000193ae9a6c90_0;
    %load/vec4 v00000193ae9a6ab0_0;
    %concat/vec4; draw_concat_vec4
    %ix/vec4 4;
    %load/vec4a v00000193ae9a6b50, 4;
    %ix/load 4, 32, 0;
    %flag_set/imm 4, 0;
    %store/vec4 v00000193ae8f9c00_0, 4, 8;
    %jmp T_2.16;
T_2.5 ;
    %load/vec4 v00000193ae9a6c90_0;
    %load/vec4 v00000193ae9a6ab0_0;
    %concat/vec4; draw_concat_vec4
    %ix/vec4 4;
    %load/vec4a v00000193ae9a6b50, 4;
    %ix/load 4, 40, 0;
    %flag_set/imm 4, 0;
    %store/vec4 v00000193ae8f9c00_0, 4, 8;
    %jmp T_2.16;
T_2.6 ;
    %load/vec4 v00000193ae9a6c90_0;
    %load/vec4 v00000193ae9a6ab0_0;
    %concat/vec4; draw_concat_vec4
    %ix/vec4 4;
    %load/vec4a v00000193ae9a6b50, 4;
    %ix/load 4, 48, 0;
    %flag_set/imm 4, 0;
    %store/vec4 v00000193ae8f9c00_0, 4, 8;
    %jmp T_2.16;
T_2.7 ;
    %load/vec4 v00000193ae9a6c90_0;
    %load/vec4 v00000193ae9a6ab0_0;
    %concat/vec4; draw_concat_vec4
    %ix/vec4 4;
    %load/vec4a v00000193ae9a6b50, 4;
    %ix/load 4, 56, 0;
    %flag_set/imm 4, 0;
    %store/vec4 v00000193ae8f9c00_0, 4, 8;
    %jmp T_2.16;
T_2.8 ;
    %load/vec4 v00000193ae9a6c90_0;
    %load/vec4 v00000193ae9a6ab0_0;
    %concat/vec4; draw_concat_vec4
    %ix/vec4 4;
    %load/vec4a v00000193ae9a6b50, 4;
    %ix/load 4, 64, 0;
    %flag_set/imm 4, 0;
    %store/vec4 v00000193ae8f9c00_0, 4, 8;
    %jmp T_2.16;
T_2.9 ;
    %load/vec4 v00000193ae9a6c90_0;
    %load/vec4 v00000193ae9a6ab0_0;
    %concat/vec4; draw_concat_vec4
    %ix/vec4 4;
    %load/vec4a v00000193ae9a6b50, 4;
    %ix/load 4, 72, 0;
    %flag_set/imm 4, 0;
    %store/vec4 v00000193ae8f9c00_0, 4, 8;
    %jmp T_2.16;
T_2.10 ;
    %load/vec4 v00000193ae9a6c90_0;
    %load/vec4 v00000193ae9a6ab0_0;
    %concat/vec4; draw_concat_vec4
    %ix/vec4 4;
    %load/vec4a v00000193ae9a6b50, 4;
    %ix/load 4, 80, 0;
    %flag_set/imm 4, 0;
    %store/vec4 v00000193ae8f9c00_0, 4, 8;
    %jmp T_2.16;
T_2.11 ;
    %load/vec4 v00000193ae9a6c90_0;
    %load/vec4 v00000193ae9a6ab0_0;
    %concat/vec4; draw_concat_vec4
    %ix/vec4 4;
    %load/vec4a v00000193ae9a6b50, 4;
    %ix/load 4, 88, 0;
    %flag_set/imm 4, 0;
    %store/vec4 v00000193ae8f9c00_0, 4, 8;
    %jmp T_2.16;
T_2.12 ;
    %load/vec4 v00000193ae9a6c90_0;
    %load/vec4 v00000193ae9a6ab0_0;
    %concat/vec4; draw_concat_vec4
    %ix/vec4 4;
    %load/vec4a v00000193ae9a6b50, 4;
    %ix/load 4, 96, 0;
    %flag_set/imm 4, 0;
    %store/vec4 v00000193ae8f9c00_0, 4, 8;
    %jmp T_2.16;
T_2.13 ;
    %load/vec4 v00000193ae9a6c90_0;
    %load/vec4 v00000193ae9a6ab0_0;
    %concat/vec4; draw_concat_vec4
    %ix/vec4 4;
    %load/vec4a v00000193ae9a6b50, 4;
    %ix/load 4, 104, 0;
    %flag_set/imm 4, 0;
    %store/vec4 v00000193ae8f9c00_0, 4, 8;
    %jmp T_2.16;
T_2.14 ;
    %load/vec4 v00000193ae9a6c90_0;
    %load/vec4 v00000193ae9a6ab0_0;
    %concat/vec4; draw_concat_vec4
    %ix/vec4 4;
    %load/vec4a v00000193ae9a6b50, 4;
    %ix/load 4, 112, 0;
    %flag_set/imm 4, 0;
    %store/vec4 v00000193ae8f9c00_0, 4, 8;
    %jmp T_2.16;
T_2.15 ;
    %load/vec4 v00000193ae9a6c90_0;
    %load/vec4 v00000193ae9a6ab0_0;
    %concat/vec4; draw_concat_vec4
    %ix/vec4 4;
    %load/vec4a v00000193ae9a6b50, 4;
    %ix/load 4, 120, 0;
    %flag_set/imm 4, 0;
    %store/vec4 v00000193ae8f9c00_0, 4, 8;
    %jmp T_2.16;
T_2.16 ;
    %pop/vec4 1;
    %jmp T_2;
    .thread T_2;
# The file index is used to find the file name in the following table.
:file_names 3;
    "N/A";
    "<interactive>";
    "i_mem.v";
